<?xml version="1.0" encoding="UTF-8"?>
<!-- Generated by org.testng.reporters.JUnitReportReporter -->
<testsuite hostname="ASUS" failures="0" tests="1" name="SeleniumTest.SeleniumD.RahulShettyTest" time="0.031" errors="0" timestamp="2024-08-31T00:30:53 IST" skipped="0">
  <testcase classname="SeleniumTest.SeleniumD.RahulShettyTest" name="LoginWithCorrectInput" time="0.031"/>
  <system-out/>
</testsuite> <!-- SeleniumTest.SeleniumD.RahulShettyTest -->
